<?xml version="1.0" encoding="UTF-8"?>
<!-- Generated by org.testng.reporters.JUnitXMLReporter -->
<testsuite ignored="0" hostname="DESKTOP-A39E2QQ" failures="0" tests="3" name="ChromeTests" time="64.314" errors="0" timestamp="2025-12-23T19:02:23 IST">
  <testcase classname="Tests.LoginTest" name="validTraditionalLoginTest" time="18.825"/>
  <testcase classname="Tests.LoginTest" name="ValidateOrderModification" time="13.904"/>
  <testcase classname="Tests.LoginTest" name="ValidateOrderCancellation" time="16.302"/>
</testsuite> <!-- ChromeTests -->
