<?xml version="1.0" encoding="UTF-8"?>
<!-- Generated by org.testng.reporters.JUnitXMLReporter -->
<testsuite ignored="0" hostname="DESKTOP-A39E2QQ" failures="0" tests="3" name="ChromeTests" time="42.624" errors="0" timestamp="2026-03-10T17:12:33 IST">
  <testcase classname="Tests.LoginTest" name="validTraditionalLoginTest" time="13.021"/>
  <testcase classname="Tests.LoginTest" name="ValidateCreate_Edit_Delete_Basket" time="14.602"/>
  <testcase classname="Tests.LoginTest" name="ValidateAdd_Delete_Rearrange_Invert_Symbols" time="2.143"/>
</testsuite> <!-- ChromeTests -->
