<?xml version="1.0" encoding="UTF-8"?>
<!-- Generated by org.testng.reporters.JUnitXMLReporter -->
<testsuite ignored="0" hostname="DESKTOP-A39E2QQ" failures="0" tests="3" name="ChromeTests" time="53.934" errors="0" timestamp="2026-03-12T17:28:19 IST">
  <testcase classname="Tests.LoginTest" name="validTraditionalLoginTest" time="12.312"/>
  <testcase classname="Tests.LoginTest" name="ValidateCreate_Edit_Delete_Basket" time="19.033"/>
  <testcase classname="Tests.LoginTest" name="ValidateAdd_Delete_Rearrange_Invert_Symbols" time="9.039"/>
</testsuite> <!-- ChromeTests -->
