<?xml version="1.0" encoding="UTF-8"?>
<!-- Generated by org.testng.reporters.JUnitXMLReporter -->
<testsuite ignored="0" hostname="DESKTOP-A39E2QQ" failures="0" tests="4" name="ChromeTests" time="91.46" errors="0" timestamp="2025-12-15T22:10:26 IST">
  <testcase classname="Tests.LoginTest" name="validTraditionalLoginTest" time="12.996"/>
  <testcase classname="Tests.LoginTest" name="validateSignUpPage" time="15.283"/>
  <testcase classname="Tests.LoginTest" name="validateRiskDisclosure" time="21.458"/>
  <testcase classname="Tests.LoginTest" name="validateSearchStocks" time="19.077"/>
</testsuite> <!-- ChromeTests -->
