<?xml version="1.0" encoding="UTF-8"?>
<!-- Generated by org.testng.reporters.JUnitXMLReporter -->
<testsuite ignored="0" hostname="DESKTOP-A39E2QQ" failures="0" tests="4" name="ChromeTests" time="72.034" errors="0" timestamp="2026-04-04T00:19:27 IST">
  <testcase classname="Tests.LoginTest" name="validTraditionalLoginTest" time="15.896"/>
  <testcase classname="Tests.LoginTest" name="ValidateCreate_Edit_Delete_Basket" time="20.889"/>
  <testcase classname="Tests.LoginTest" name="ValidateAdd_Delete_Rearrange_Invert_Symbols" time="14.012"/>
  <testcase classname="Tests.LoginTest" name="ValidateSymbol_modification_Basket" time="2.67"/>
</testsuite> <!-- ChromeTests -->
