<?xml version="1.0" encoding="UTF-8"?>
<!-- Generated by org.testng.reporters.JUnitXMLReporter -->
<testsuite ignored="0" hostname="DESKTOP-A39E2QQ" failures="0" tests="3" name="ChromeTests" time="97.949" errors="0" timestamp="2025-12-08T21:50:09 IST">
  <testcase classname="Tests.LoginTest" name="validTraditionalLoginTest" time="22.495"/>
  <testcase classname="Tests.LoginTest" name="validateSignUpPage" time="21.989"/>
  <testcase classname="Tests.LoginTest" name="validateRiskDisclosure" time="31.471"/>
</testsuite> <!-- ChromeTests -->
