<?xml version="1.0" encoding="UTF-8"?>
<!-- Generated by org.testng.reporters.JUnitXMLReporter -->
<testsuite ignored="0" hostname="DESKTOP-A39E2QQ" failures="0" tests="4" name="ChromeTests" time="87.13" errors="0" timestamp="2025-12-09T21:04:37 IST">
  <testcase classname="Tests.LoginTest" name="validTraditionalLoginTest" time="16.543"/>
  <testcase classname="Tests.LoginTest" name="validateSignUpPage" time="15.29"/>
  <testcase classname="Tests.LoginTest" name="validateRiskDisclosure" time="21.57"/>
  <testcase classname="Tests.LoginTest" name="validateSearchStocks" time="11.48"/>
</testsuite> <!-- ChromeTests -->
