<?xml version="1.0" encoding="UTF-8"?>
<!-- Generated by org.testng.reporters.JUnitXMLReporter -->
<testsuite ignored="0" hostname="DESKTOP-A39E2QQ" failures="0" tests="3" name="ChromeTests" time="68.052" errors="0" timestamp="2026-04-03T23:45:27 IST">
  <testcase classname="Tests.LoginTest" name="validTraditionalLoginTest" time="13.617"/>
  <testcase classname="Tests.LoginTest" name="ValidateCreate_Edit_Delete_Basket" time="20.342"/>
  <testcase classname="Tests.LoginTest" name="ValidateAdd_Delete_Rearrange_Invert_Symbols" time="14.214"/>
</testsuite> <!-- ChromeTests -->
