<?xml version="1.0" encoding="UTF-8"?>
<!-- Generated by org.testng.reporters.JUnitXMLReporter -->
<testsuite ignored="0" hostname="DESKTOP-A39E2QQ" failures="0" tests="4" name="ChromeTests" time="127.771" errors="0" timestamp="2026-01-06T16:12:03 IST">
  <testcase classname="Tests.LoginTest" name="validTraditionalLoginTest" time="18.001"/>
  <testcase classname="Tests.LoginTest" name="validateSignUpPage" time="27.945"/>
  <testcase classname="Tests.LoginTest" name="validateRiskDisclosure" time="28.209"/>
  <testcase classname="Tests.LoginTest" name="validateSearchStocks" time="18.865"/>
</testsuite> <!-- ChromeTests -->
