<?xml version="1.0" encoding="UTF-8"?>
<!-- Generated by org.testng.reporters.JUnitXMLReporter -->
<testsuite ignored="0" hostname="DESKTOP-A39E2QQ" failures="0" tests="3" name="EdgeTests" time="12.107" errors="0" timestamp="2025-12-06T18:56:13 IST">
  <testcase classname="Tests.LoginTest" name="validLoginTest" time="0.677"/>
  <testcase classname="Tests.LoginTest" name="validateHomepagetext" time="0.233"/>
  <testcase classname="Tests.LoginTest" name="validateAddtoCart" time="0.125"/>
</testsuite> <!-- EdgeTests -->
