<?xml version="1.0" encoding="UTF-8"?>
<!-- Generated by org.testng.reporters.JUnitXMLReporter -->
<testsuite ignored="0" hostname="DESKTOP-A39E2QQ" failures="0" tests="3" name="FirefoxTests" time="19.225" errors="0" timestamp="2025-12-06T18:56:20 IST">
  <testcase classname="Tests.LoginTest" name="validLoginTest" time="0.19"/>
  <testcase classname="Tests.LoginTest" name="validateHomepagetext" time="0.052"/>
  <testcase classname="Tests.LoginTest" name="validateAddtoCart" time="0.094"/>
</testsuite> <!-- FirefoxTests -->
