<?xml version="1.0" encoding="UTF-8"?>
<testng-results ignored="0" total="2" passed="2" failed="0" skipped="0">
  <reporter-output>
  </reporter-output>
  <suite started-at="2026-03-05T09:25:48 IST" name="RegressionSuite" finished-at="2026-03-05T09:26:18 IST" duration-ms="30070">
    <groups>
    </groups>
    <test started-at="2026-03-05T09:25:48 IST" name="ChromeTests" finished-at="2026-03-05T09:26:18 IST" duration-ms="30070">
      <class name="Tests.LoginTest">
        <test-method is-config="true" signature="setUp(java.lang.String)[pri:0, instance:Tests.LoginTest@7486b455]" started-at="2026-03-05T09:25:48 IST" name="setUp" finished-at="2026-03-05T09:25:51 IST" duration-ms="3271" status="PASS">
          <params>
            <param index="0">
              <value>
                <![CDATA[chrome]]>
              </value>
            </param>
          </params>
          <reporter-output>
          </reporter-output>
        </test-method> <!-- setUp -->
        <test-method signature="validTraditionalLoginTest()[pri:1, instance:Tests.LoginTest@7486b455]" started-at="2026-03-05T09:25:51 IST" name="validTraditionalLoginTest" finished-at="2026-03-05T09:26:03 IST" duration-ms="12258" status="PASS">
          <reporter-output>
          </reporter-output>
        </test-method> <!-- validTraditionalLoginTest -->
        <test-method is-config="true" signature="afterEachTest()[pri:0, instance:Tests.LoginTest@7486b455]" started-at="2026-03-05T09:26:03 IST" name="afterEachTest" finished-at="2026-03-05T09:26:05 IST" duration-ms="2013" status="PASS">
          <reporter-output>
          </reporter-output>
        </test-method> <!-- afterEachTest -->
        <test-method signature="ValidateCreate_Edit_Delete_Basket()[pri:10, instance:Tests.LoginTest@7486b455]" started-at="2026-03-05T09:26:05 IST" name="ValidateCreate_Edit_Delete_Basket" finished-at="2026-03-05T09:26:14 IST" duration-ms="8909" status="PASS">
          <reporter-output>
          </reporter-output>
        </test-method> <!-- ValidateCreate_Edit_Delete_Basket -->
        <test-method is-config="true" signature="afterEachTest()[pri:0, instance:Tests.LoginTest@7486b455]" started-at="2026-03-05T09:26:14 IST" name="afterEachTest" finished-at="2026-03-05T09:26:16 IST" duration-ms="2012" status="PASS">
          <reporter-output>
          </reporter-output>
        </test-method> <!-- afterEachTest -->
        <test-method is-config="true" signature="tearDown()[pri:0, instance:Tests.LoginTest@7486b455]" started-at="2026-03-05T09:26:16 IST" name="tearDown" finished-at="2026-03-05T09:26:18 IST" duration-ms="1580" status="PASS">
          <reporter-output>
          </reporter-output>
        </test-method> <!-- tearDown -->
      </class> <!-- Tests.LoginTest -->
    </test> <!-- ChromeTests -->
  </suite> <!-- RegressionSuite -->
</testng-results>
