<?xml version="1.0" encoding="UTF-8"?>
<testng-results ignored="0" total="2" passed="2" failed="0" skipped="0">
  <reporter-output>
  </reporter-output>
  <suite started-at="2026-03-04T23:50:34 IST" name="RegressionSuite" finished-at="2026-03-04T23:51:10 IST" duration-ms="36068">
    <groups>
    </groups>
    <test started-at="2026-03-04T23:50:34 IST" name="ChromeTests" finished-at="2026-03-04T23:51:10 IST" duration-ms="36068">
      <class name="Tests.LoginTest">
        <test-method is-config="true" signature="setUp(java.lang.String)[pri:0, instance:Tests.LoginTest@7486b455]" started-at="2026-03-04T23:50:34 IST" name="setUp" finished-at="2026-03-04T23:50:41 IST" duration-ms="7398" status="PASS">
          <params>
            <param index="0">
              <value>
                <![CDATA[chrome]]>
              </value>
            </param>
          </params>
          <reporter-output>
          </reporter-output>
        </test-method> <!-- setUp -->
        <test-method signature="validTraditionalLoginTest()[pri:1, instance:Tests.LoginTest@7486b455]" started-at="2026-03-04T23:50:41 IST" name="validTraditionalLoginTest" finished-at="2026-03-04T23:50:57 IST" duration-ms="15620" status="PASS">
          <reporter-output>
          </reporter-output>
        </test-method> <!-- validTraditionalLoginTest -->
        <test-method is-config="true" signature="afterEachTest()[pri:0, instance:Tests.LoginTest@7486b455]" started-at="2026-03-04T23:50:57 IST" name="afterEachTest" finished-at="2026-03-04T23:50:59 IST" duration-ms="2003" status="PASS">
          <reporter-output>
          </reporter-output>
        </test-method> <!-- afterEachTest -->
        <test-method signature="ValidateCreate_Edit_Delete_Basket()[pri:10, instance:Tests.LoginTest@7486b455]" started-at="2026-03-04T23:50:59 IST" name="ValidateCreate_Edit_Delete_Basket" finished-at="2026-03-04T23:51:06 IST" duration-ms="6917" status="PASS">
          <reporter-output>
          </reporter-output>
        </test-method> <!-- ValidateCreate_Edit_Delete_Basket -->
        <test-method is-config="true" signature="afterEachTest()[pri:0, instance:Tests.LoginTest@7486b455]" started-at="2026-03-04T23:51:06 IST" name="afterEachTest" finished-at="2026-03-04T23:51:08 IST" duration-ms="2012" status="PASS">
          <reporter-output>
          </reporter-output>
        </test-method> <!-- afterEachTest -->
        <test-method is-config="true" signature="tearDown()[pri:0, instance:Tests.LoginTest@7486b455]" started-at="2026-03-04T23:51:08 IST" name="tearDown" finished-at="2026-03-04T23:51:10 IST" duration-ms="2064" status="PASS">
          <reporter-output>
          </reporter-output>
        </test-method> <!-- tearDown -->
      </class> <!-- Tests.LoginTest -->
    </test> <!-- ChromeTests -->
  </suite> <!-- RegressionSuite -->
</testng-results>
