<?xml version="1.0" encoding="UTF-8"?>
<testng-results ignored="0" total="2" passed="2" failed="0" skipped="0">
  <reporter-output>
  </reporter-output>
  <suite started-at="2025-12-18T16:36:15 IST" name="RegressionSuite" finished-at="2025-12-18T16:36:56 IST" duration-ms="40441">
    <groups>
    </groups>
    <test started-at="2025-12-18T16:36:15 IST" name="ChromeTests" finished-at="2025-12-18T16:36:56 IST" duration-ms="40441">
      <class name="Tests.LoginTest">
        <test-method is-config="true" signature="setUp(java.lang.String)[pri:0, instance:Tests.LoginTest@7486b455]" started-at="2025-12-18T16:36:15 IST" name="setUp" finished-at="2025-12-18T16:36:21 IST" duration-ms="5588" status="PASS">
          <params>
            <param index="0">
              <value>
                <![CDATA[chrome]]>
              </value>
            </param>
          </params>
          <reporter-output>
          </reporter-output>
        </test-method> <!-- setUp -->
        <test-method signature="validTraditionalLoginTest()[pri:1, instance:Tests.LoginTest@7486b455]" started-at="2025-12-18T16:36:21 IST" name="validTraditionalLoginTest" finished-at="2025-12-18T16:36:33 IST" duration-ms="12237" status="PASS">
          <reporter-output>
          </reporter-output>
        </test-method> <!-- validTraditionalLoginTest -->
        <test-method is-config="true" signature="afterEachTest()[pri:0, instance:Tests.LoginTest@7486b455]" started-at="2025-12-18T16:36:33 IST" name="afterEachTest" finished-at="2025-12-18T16:36:35 IST" duration-ms="2009" status="PASS">
          <reporter-output>
          </reporter-output>
        </test-method> <!-- afterEachTest -->
        <test-method signature="ValidateChartOpening()[pri:6, instance:Tests.LoginTest@7486b455]" started-at="2025-12-18T16:36:35 IST" name="ValidateChartOpening" finished-at="2025-12-18T16:36:52 IST" duration-ms="16750" status="PASS">
          <reporter-output>
          </reporter-output>
        </test-method> <!-- ValidateChartOpening -->
        <test-method is-config="true" signature="afterEachTest()[pri:0, instance:Tests.LoginTest@7486b455]" started-at="2025-12-18T16:36:52 IST" name="afterEachTest" finished-at="2025-12-18T16:36:54 IST" duration-ms="2002" status="PASS">
          <reporter-output>
          </reporter-output>
        </test-method> <!-- afterEachTest -->
        <test-method is-config="true" signature="tearDown()[pri:0, instance:Tests.LoginTest@7486b455]" started-at="2025-12-18T16:36:54 IST" name="tearDown" finished-at="2025-12-18T16:36:56 IST" duration-ms="1824" status="PASS">
          <reporter-output>
          </reporter-output>
        </test-method> <!-- tearDown -->
      </class> <!-- Tests.LoginTest -->
    </test> <!-- ChromeTests -->
  </suite> <!-- RegressionSuite -->
</testng-results>
