<?xml version="1.0" encoding="UTF-8"?>
<testng-results ignored="0" total="4" passed="4" failed="0" skipped="0">
  <reporter-output>
  </reporter-output>
  <suite started-at="2026-01-06T16:09:55 IST" name="RegressionSuite" finished-at="2026-01-06T16:12:03 IST" duration-ms="127771">
    <groups>
    </groups>
    <test started-at="2026-01-06T16:09:55 IST" name="ChromeTests" finished-at="2026-01-06T16:12:03 IST" duration-ms="127771">
      <class name="Tests.LoginTest">
        <test-method is-config="true" signature="setUp(java.lang.String)[pri:0, instance:Tests.LoginTest@5d908d47]" started-at="2026-01-06T16:09:55 IST" name="setUp" finished-at="2026-01-06T16:10:16 IST" duration-ms="21176" status="PASS">
          <params>
            <param index="0">
              <value>
                <![CDATA[chrome]]>
              </value>
            </param>
          </params>
          <reporter-output>
          </reporter-output>
        </test-method> <!-- setUp -->
        <test-method signature="validTraditionalLoginTest()[pri:1, instance:Tests.LoginTest@5d908d47]" started-at="2026-01-06T16:10:16 IST" name="validTraditionalLoginTest" finished-at="2026-01-06T16:10:34 IST" duration-ms="18001" status="PASS">
          <reporter-output>
          </reporter-output>
        </test-method> <!-- validTraditionalLoginTest -->
        <test-method is-config="true" signature="afterEachTest()[pri:0, instance:Tests.LoginTest@5d908d47]" started-at="2026-01-06T16:10:34 IST" name="afterEachTest" finished-at="2026-01-06T16:10:36 IST" duration-ms="2003" status="PASS">
          <reporter-output>
          </reporter-output>
        </test-method> <!-- afterEachTest -->
        <test-method signature="validateSignUpPage()[pri:2, instance:Tests.LoginTest@5d908d47]" started-at="2026-01-06T16:10:36 IST" name="validateSignUpPage" finished-at="2026-01-06T16:11:04 IST" duration-ms="27945" status="PASS">
          <reporter-output>
          </reporter-output>
        </test-method> <!-- validateSignUpPage -->
        <test-method is-config="true" signature="afterEachTest()[pri:0, instance:Tests.LoginTest@5d908d47]" started-at="2026-01-06T16:11:04 IST" name="afterEachTest" finished-at="2026-01-06T16:11:06 IST" duration-ms="2006" status="PASS">
          <reporter-output>
          </reporter-output>
        </test-method> <!-- afterEachTest -->
        <test-method signature="validateRiskDisclosure()[pri:3, instance:Tests.LoginTest@5d908d47]" started-at="2026-01-06T16:11:06 IST" name="validateRiskDisclosure" finished-at="2026-01-06T16:11:34 IST" duration-ms="28209" status="PASS">
          <reporter-output>
          </reporter-output>
        </test-method> <!-- validateRiskDisclosure -->
        <test-method is-config="true" signature="afterEachTest()[pri:0, instance:Tests.LoginTest@5d908d47]" started-at="2026-01-06T16:11:34 IST" name="afterEachTest" finished-at="2026-01-06T16:11:36 IST" duration-ms="2005" status="PASS">
          <reporter-output>
          </reporter-output>
        </test-method> <!-- afterEachTest -->
        <test-method signature="validateSearchStocks()[pri:4, instance:Tests.LoginTest@5d908d47]" started-at="2026-01-06T16:11:36 IST" name="validateSearchStocks" finished-at="2026-01-06T16:11:55 IST" duration-ms="18865" status="PASS">
          <reporter-output>
          </reporter-output>
        </test-method> <!-- validateSearchStocks -->
        <test-method is-config="true" signature="afterEachTest()[pri:0, instance:Tests.LoginTest@5d908d47]" started-at="2026-01-06T16:11:55 IST" name="afterEachTest" finished-at="2026-01-06T16:11:57 IST" duration-ms="2009" status="PASS">
          <reporter-output>
          </reporter-output>
        </test-method> <!-- afterEachTest -->
        <test-method is-config="true" signature="tearDown()[pri:0, instance:Tests.LoginTest@5d908d47]" started-at="2026-01-06T16:11:57 IST" name="tearDown" finished-at="2026-01-06T16:12:03 IST" duration-ms="5424" status="PASS">
          <reporter-output>
          </reporter-output>
        </test-method> <!-- tearDown -->
      </class> <!-- Tests.LoginTest -->
    </test> <!-- ChromeTests -->
  </suite> <!-- RegressionSuite -->
</testng-results>
