<?xml version="1.0" encoding="UTF-8"?>
<testng-results ignored="0" total="4" passed="4" failed="0" skipped="0">
  <reporter-output>
  </reporter-output>
  <suite started-at="2026-04-04T00:18:15 IST" name="RegressionSuite" finished-at="2026-04-04T00:19:27 IST" duration-ms="72034">
    <groups>
    </groups>
    <test started-at="2026-04-04T00:18:15 IST" name="ChromeTests" finished-at="2026-04-04T00:19:27 IST" duration-ms="72034">
      <class name="Tests.LoginTest">
        <test-method is-config="true" signature="setUp(java.lang.String)[pri:0, instance:Tests.LoginTest@5d908d47]" started-at="2026-04-04T00:18:15 IST" name="setUp" finished-at="2026-04-04T00:18:24 IST" duration-ms="8295" status="PASS">
          <params>
            <param index="0">
              <value>
                <![CDATA[chrome]]>
              </value>
            </param>
          </params>
          <reporter-output>
          </reporter-output>
        </test-method> <!-- setUp -->
        <test-method signature="validTraditionalLoginTest()[pri:1, instance:Tests.LoginTest@5d908d47]" started-at="2026-04-04T00:18:24 IST" name="validTraditionalLoginTest" finished-at="2026-04-04T00:18:40 IST" duration-ms="15896" status="PASS">
          <reporter-output>
          </reporter-output>
        </test-method> <!-- validTraditionalLoginTest -->
        <test-method is-config="true" signature="afterEachTest()[pri:0, instance:Tests.LoginTest@5d908d47]" started-at="2026-04-04T00:18:40 IST" name="afterEachTest" finished-at="2026-04-04T00:18:42 IST" duration-ms="2007" status="PASS">
          <reporter-output>
          </reporter-output>
        </test-method> <!-- afterEachTest -->
        <test-method signature="ValidateCreate_Edit_Delete_Basket()[pri:10, instance:Tests.LoginTest@5d908d47]" started-at="2026-04-04T00:18:42 IST" name="ValidateCreate_Edit_Delete_Basket" finished-at="2026-04-04T00:19:02 IST" duration-ms="20889" status="PASS">
          <reporter-output>
          </reporter-output>
        </test-method> <!-- ValidateCreate_Edit_Delete_Basket -->
        <test-method is-config="true" signature="afterEachTest()[pri:0, instance:Tests.LoginTest@5d908d47]" started-at="2026-04-04T00:19:02 IST" name="afterEachTest" finished-at="2026-04-04T00:19:04 IST" duration-ms="2004" status="PASS">
          <reporter-output>
          </reporter-output>
        </test-method> <!-- afterEachTest -->
        <test-method signature="ValidateAdd_Delete_Rearrange_Invert_Symbols()[pri:11, instance:Tests.LoginTest@5d908d47]" started-at="2026-04-04T00:19:04 IST" name="ValidateAdd_Delete_Rearrange_Invert_Symbols" finished-at="2026-04-04T00:19:18 IST" duration-ms="14012" status="PASS">
          <reporter-output>
          </reporter-output>
        </test-method> <!-- ValidateAdd_Delete_Rearrange_Invert_Symbols -->
        <test-method is-config="true" signature="afterEachTest()[pri:0, instance:Tests.LoginTest@5d908d47]" started-at="2026-04-04T00:19:18 IST" name="afterEachTest" finished-at="2026-04-04T00:19:20 IST" duration-ms="2007" status="PASS">
          <reporter-output>
          </reporter-output>
        </test-method> <!-- afterEachTest -->
        <test-method signature="ValidateSymbol_modification_Basket()[pri:12, instance:Tests.LoginTest@5d908d47]" started-at="2026-04-04T00:19:20 IST" name="ValidateSymbol_modification_Basket" finished-at="2026-04-04T00:19:23 IST" duration-ms="2670" status="PASS">
          <reporter-output>
          </reporter-output>
        </test-method> <!-- ValidateSymbol_modification_Basket -->
        <test-method is-config="true" signature="afterEachTest()[pri:0, instance:Tests.LoginTest@5d908d47]" started-at="2026-04-04T00:19:23 IST" name="afterEachTest" finished-at="2026-04-04T00:19:25 IST" duration-ms="2015" status="PASS">
          <reporter-output>
          </reporter-output>
        </test-method> <!-- afterEachTest -->
        <test-method is-config="true" signature="tearDown()[pri:0, instance:Tests.LoginTest@5d908d47]" started-at="2026-04-04T00:19:25 IST" name="tearDown" finished-at="2026-04-04T00:19:27 IST" duration-ms="2156" status="PASS">
          <reporter-output>
          </reporter-output>
        </test-method> <!-- tearDown -->
      </class> <!-- Tests.LoginTest -->
    </test> <!-- ChromeTests -->
  </suite> <!-- RegressionSuite -->
</testng-results>
