<?xml version="1.0" encoding="UTF-8"?>
<testng-results ignored="0" total="2" passed="2" failed="0" skipped="0">
  <reporter-output>
  </reporter-output>
  <suite started-at="2025-12-07T17:36:51 IST" name="RegressionSuite" finished-at="2025-12-07T17:37:35 IST" duration-ms="44140">
    <groups>
    </groups>
    <test started-at="2025-12-07T17:36:51 IST" name="ChromeTests" finished-at="2025-12-07T17:37:35 IST" duration-ms="44140">
      <class name="Tests.LoginTest">
        <test-method is-config="true" signature="setUp(java.lang.String)[pri:0, instance:Tests.LoginTest@24c22fe]" started-at="2025-12-07T17:36:51 IST" name="setUp" finished-at="2025-12-07T17:37:05 IST" duration-ms="13958" status="PASS">
          <params>
            <param index="0">
              <value>
                <![CDATA[chrome]]>
              </value>
            </param>
          </params>
          <reporter-output>
          </reporter-output>
        </test-method> <!-- setUp -->
        <test-method signature="validTraditionalLoginTest()[pri:1, instance:Tests.LoginTest@24c22fe]" started-at="2025-12-07T17:37:05 IST" name="validTraditionalLoginTest" finished-at="2025-12-07T17:37:18 IST" duration-ms="13124" status="PASS">
          <reporter-output>
          </reporter-output>
        </test-method> <!-- validTraditionalLoginTest -->
        <test-method is-config="true" signature="afterEachTest()[pri:0, instance:Tests.LoginTest@24c22fe]" started-at="2025-12-07T17:37:18 IST" name="afterEachTest" finished-at="2025-12-07T17:37:20 IST" duration-ms="2012" status="PASS">
          <reporter-output>
          </reporter-output>
        </test-method> <!-- afterEachTest -->
        <test-method signature="validateSignUpPage()[pri:2, instance:Tests.LoginTest@24c22fe]" started-at="2025-12-07T17:37:20 IST" name="validateSignUpPage" finished-at="2025-12-07T17:37:30 IST" duration-ms="10667" status="PASS">
          <reporter-output>
          </reporter-output>
        </test-method> <!-- validateSignUpPage -->
        <test-method is-config="true" signature="afterEachTest()[pri:0, instance:Tests.LoginTest@24c22fe]" started-at="2025-12-07T17:37:30 IST" name="afterEachTest" finished-at="2025-12-07T17:37:32 IST" duration-ms="2016" status="PASS">
          <reporter-output>
          </reporter-output>
        </test-method> <!-- afterEachTest -->
        <test-method is-config="true" signature="tearDown()[pri:0, instance:Tests.LoginTest@24c22fe]" started-at="2025-12-07T17:37:32 IST" name="tearDown" finished-at="2025-12-07T17:37:35 IST" duration-ms="2268" status="PASS">
          <reporter-output>
          </reporter-output>
        </test-method> <!-- tearDown -->
      </class> <!-- Tests.LoginTest -->
    </test> <!-- ChromeTests -->
  </suite> <!-- RegressionSuite -->
</testng-results>
