<?xml version="1.0" encoding="UTF-8"?>
<testng-results ignored="0" total="3" passed="3" failed="0" skipped="0">
  <reporter-output>
  </reporter-output>
  <suite started-at="2025-12-08T21:48:31 IST" name="RegressionSuite" finished-at="2025-12-08T21:50:09 IST" duration-ms="97949">
    <groups>
    </groups>
    <test started-at="2025-12-08T21:48:31 IST" name="ChromeTests" finished-at="2025-12-08T21:50:09 IST" duration-ms="97949">
      <class name="Tests.LoginTest">
        <test-method is-config="true" signature="setUp(java.lang.String)[pri:0, instance:Tests.LoginTest@93081b6]" started-at="2025-12-08T21:48:31 IST" name="setUp" finished-at="2025-12-08T21:48:44 IST" duration-ms="13489" status="PASS">
          <params>
            <param index="0">
              <value>
                <![CDATA[chrome]]>
              </value>
            </param>
          </params>
          <reporter-output>
          </reporter-output>
        </test-method> <!-- setUp -->
        <test-method signature="validTraditionalLoginTest()[pri:1, instance:Tests.LoginTest@93081b6]" started-at="2025-12-08T21:48:44 IST" name="validTraditionalLoginTest" finished-at="2025-12-08T21:49:07 IST" duration-ms="22495" status="PASS">
          <reporter-output>
          </reporter-output>
        </test-method> <!-- validTraditionalLoginTest -->
        <test-method is-config="true" signature="afterEachTest()[pri:0, instance:Tests.LoginTest@93081b6]" started-at="2025-12-08T21:49:07 IST" name="afterEachTest" finished-at="2025-12-08T21:49:09 IST" duration-ms="2014" status="PASS">
          <reporter-output>
          </reporter-output>
        </test-method> <!-- afterEachTest -->
        <test-method signature="validateSignUpPage()[pri:2, instance:Tests.LoginTest@93081b6]" started-at="2025-12-08T21:49:09 IST" name="validateSignUpPage" finished-at="2025-12-08T21:49:31 IST" duration-ms="21989" status="PASS">
          <reporter-output>
          </reporter-output>
        </test-method> <!-- validateSignUpPage -->
        <test-method is-config="true" signature="afterEachTest()[pri:0, instance:Tests.LoginTest@93081b6]" started-at="2025-12-08T21:49:31 IST" name="afterEachTest" finished-at="2025-12-08T21:49:33 IST" duration-ms="2018" status="PASS">
          <reporter-output>
          </reporter-output>
        </test-method> <!-- afterEachTest -->
        <test-method signature="validateRiskDisclosure()[pri:3, instance:Tests.LoginTest@93081b6]" started-at="2025-12-08T21:49:33 IST" name="validateRiskDisclosure" finished-at="2025-12-08T21:50:04 IST" duration-ms="31471" status="PASS">
          <reporter-output>
          </reporter-output>
        </test-method> <!-- validateRiskDisclosure -->
        <test-method is-config="true" signature="afterEachTest()[pri:0, instance:Tests.LoginTest@93081b6]" started-at="2025-12-08T21:50:04 IST" name="afterEachTest" finished-at="2025-12-08T21:50:06 IST" duration-ms="2004" status="PASS">
          <reporter-output>
          </reporter-output>
        </test-method> <!-- afterEachTest -->
        <test-method is-config="true" signature="tearDown()[pri:0, instance:Tests.LoginTest@93081b6]" started-at="2025-12-08T21:50:06 IST" name="tearDown" finished-at="2025-12-08T21:50:09 IST" duration-ms="2367" status="PASS">
          <reporter-output>
          </reporter-output>
        </test-method> <!-- tearDown -->
      </class> <!-- Tests.LoginTest -->
    </test> <!-- ChromeTests -->
  </suite> <!-- RegressionSuite -->
</testng-results>
