<?xml version="1.0" encoding="UTF-8"?>
<testng-results ignored="0" total="2" passed="2" failed="0" skipped="0">
  <reporter-output>
  </reporter-output>
  <suite started-at="2026-03-06T00:09:43 IST" name="RegressionSuite" finished-at="2026-03-06T00:10:34 IST" duration-ms="51590">
    <groups>
    </groups>
    <test started-at="2026-03-06T00:09:43 IST" name="ChromeTests" finished-at="2026-03-06T00:10:34 IST" duration-ms="51590">
      <class name="Tests.LoginTest">
        <test-method is-config="true" signature="setUp(java.lang.String)[pri:0, instance:Tests.LoginTest@7486b455]" started-at="2026-03-06T00:09:43 IST" name="setUp" finished-at="2026-03-06T00:09:51 IST" duration-ms="8160" status="PASS">
          <params>
            <param index="0">
              <value>
                <![CDATA[chrome]]>
              </value>
            </param>
          </params>
          <reporter-output>
          </reporter-output>
        </test-method> <!-- setUp -->
        <test-method signature="validTraditionalLoginTest()[pri:1, instance:Tests.LoginTest@7486b455]" started-at="2026-03-06T00:09:51 IST" name="validTraditionalLoginTest" finished-at="2026-03-06T00:10:09 IST" duration-ms="17877" status="PASS">
          <reporter-output>
          </reporter-output>
        </test-method> <!-- validTraditionalLoginTest -->
        <test-method is-config="true" signature="afterEachTest()[pri:0, instance:Tests.LoginTest@7486b455]" started-at="2026-03-06T00:10:09 IST" name="afterEachTest" finished-at="2026-03-06T00:10:11 IST" duration-ms="2007" status="PASS">
          <reporter-output>
          </reporter-output>
        </test-method> <!-- afterEachTest -->
        <test-method signature="ValidateCreate_Edit_Delete_Basket()[pri:10, instance:Tests.LoginTest@7486b455]" started-at="2026-03-06T00:10:11 IST" name="ValidateCreate_Edit_Delete_Basket" finished-at="2026-03-06T00:10:30 IST" duration-ms="18823" status="PASS">
          <reporter-output>
          </reporter-output>
        </test-method> <!-- ValidateCreate_Edit_Delete_Basket -->
        <test-method is-config="true" signature="afterEachTest()[pri:0, instance:Tests.LoginTest@7486b455]" started-at="2026-03-06T00:10:30 IST" name="afterEachTest" finished-at="2026-03-06T00:10:32 IST" duration-ms="2008" status="PASS">
          <reporter-output>
          </reporter-output>
        </test-method> <!-- afterEachTest -->
        <test-method is-config="true" signature="tearDown()[pri:0, instance:Tests.LoginTest@7486b455]" started-at="2026-03-06T00:10:32 IST" name="tearDown" finished-at="2026-03-06T00:10:34 IST" duration-ms="2615" status="PASS">
          <reporter-output>
          </reporter-output>
        </test-method> <!-- tearDown -->
      </class> <!-- Tests.LoginTest -->
    </test> <!-- ChromeTests -->
  </suite> <!-- RegressionSuite -->
</testng-results>
