<?xml version="1.0" encoding="UTF-8"?>
<testng-results ignored="0" total="2" passed="2" failed="0" skipped="0">
  <reporter-output>
  </reporter-output>
  <suite started-at="2025-12-22T18:22:13 IST" name="RegressionSuite" finished-at="2025-12-22T18:22:45 IST" duration-ms="31408">
    <groups>
    </groups>
    <test started-at="2025-12-22T18:22:13 IST" name="ChromeTests" finished-at="2025-12-22T18:22:45 IST" duration-ms="31408">
      <class name="Tests.LoginTest">
        <test-method is-config="true" signature="setUp(java.lang.String)[pri:0, instance:Tests.LoginTest@7486b455]" started-at="2025-12-22T18:22:13 IST" name="setUp" finished-at="2025-12-22T18:22:20 IST" duration-ms="6463" status="PASS">
          <params>
            <param index="0">
              <value>
                <![CDATA[chrome]]>
              </value>
            </param>
          </params>
          <reporter-output>
          </reporter-output>
        </test-method> <!-- setUp -->
        <test-method signature="validTraditionalLoginTest()[pri:1, instance:Tests.LoginTest@7486b455]" started-at="2025-12-22T18:22:20 IST" name="validTraditionalLoginTest" finished-at="2025-12-22T18:22:34 IST" duration-ms="14116" status="PASS">
          <reporter-output>
          </reporter-output>
        </test-method> <!-- validTraditionalLoginTest -->
        <test-method is-config="true" signature="afterEachTest()[pri:0, instance:Tests.LoginTest@7486b455]" started-at="2025-12-22T18:22:34 IST" name="afterEachTest" finished-at="2025-12-22T18:22:36 IST" duration-ms="2012" status="PASS">
          <reporter-output>
          </reporter-output>
        </test-method> <!-- afterEachTest -->
        <test-method signature="ValidateOrderPlacement()[pri:7, instance:Tests.LoginTest@7486b455]" started-at="2025-12-22T18:22:36 IST" name="ValidateOrderPlacement" finished-at="2025-12-22T18:22:41 IST" duration-ms="4691" status="PASS">
          <reporter-output>
          </reporter-output>
        </test-method> <!-- ValidateOrderPlacement -->
        <test-method is-config="true" signature="afterEachTest()[pri:0, instance:Tests.LoginTest@7486b455]" started-at="2025-12-22T18:22:41 IST" name="afterEachTest" finished-at="2025-12-22T18:22:43 IST" duration-ms="2011" status="PASS">
          <reporter-output>
          </reporter-output>
        </test-method> <!-- afterEachTest -->
        <test-method is-config="true" signature="tearDown()[pri:0, instance:Tests.LoginTest@7486b455]" started-at="2025-12-22T18:22:43 IST" name="tearDown" finished-at="2025-12-22T18:22:45 IST" duration-ms="2080" status="PASS">
          <reporter-output>
          </reporter-output>
        </test-method> <!-- tearDown -->
      </class> <!-- Tests.LoginTest -->
    </test> <!-- ChromeTests -->
  </suite> <!-- RegressionSuite -->
</testng-results>
