<?xml version="1.0" encoding="UTF-8"?>
<testng-results ignored="0" total="2" passed="2" failed="0" skipped="0">
  <reporter-output>
  </reporter-output>
  <suite started-at="2025-12-23T16:39:50 IST" name="RegressionSuite" finished-at="2025-12-23T16:40:25 IST" duration-ms="34607">
    <groups>
    </groups>
    <test started-at="2025-12-23T16:39:50 IST" name="ChromeTests" finished-at="2025-12-23T16:40:25 IST" duration-ms="34607">
      <class name="Tests.LoginTest">
        <test-method is-config="true" signature="setUp(java.lang.String)[pri:0, instance:Tests.LoginTest@7486b455]" started-at="2025-12-23T16:39:50 IST" name="setUp" finished-at="2025-12-23T16:39:56 IST" duration-ms="5632" status="PASS">
          <params>
            <param index="0">
              <value>
                <![CDATA[chrome]]>
              </value>
            </param>
          </params>
          <reporter-output>
          </reporter-output>
        </test-method> <!-- setUp -->
        <test-method signature="validTraditionalLoginTest()[pri:1, instance:Tests.LoginTest@7486b455]" started-at="2025-12-23T16:39:56 IST" name="validTraditionalLoginTest" finished-at="2025-12-23T16:40:09 IST" duration-ms="12434" status="PASS">
          <reporter-output>
          </reporter-output>
        </test-method> <!-- validTraditionalLoginTest -->
        <test-method is-config="true" signature="afterEachTest()[pri:0, instance:Tests.LoginTest@7486b455]" started-at="2025-12-23T16:40:09 IST" name="afterEachTest" finished-at="2025-12-23T16:40:11 IST" duration-ms="2008" status="PASS">
          <reporter-output>
          </reporter-output>
        </test-method> <!-- afterEachTest -->
        <test-method signature="ValidateOrderModification()[pri:8, instance:Tests.LoginTest@7486b455]" started-at="2025-12-23T16:40:11 IST" name="ValidateOrderModification" finished-at="2025-12-23T16:40:21 IST" duration-ms="10821" status="PASS">
          <reporter-output>
          </reporter-output>
        </test-method> <!-- ValidateOrderModification -->
        <test-method is-config="true" signature="afterEachTest()[pri:0, instance:Tests.LoginTest@7486b455]" started-at="2025-12-23T16:40:21 IST" name="afterEachTest" finished-at="2025-12-23T16:40:23 IST" duration-ms="2014" status="PASS">
          <reporter-output>
          </reporter-output>
        </test-method> <!-- afterEachTest -->
        <test-method is-config="true" signature="tearDown()[pri:0, instance:Tests.LoginTest@7486b455]" started-at="2025-12-23T16:40:23 IST" name="tearDown" finished-at="2025-12-23T16:40:25 IST" duration-ms="1661" status="PASS">
          <reporter-output>
          </reporter-output>
        </test-method> <!-- tearDown -->
      </class> <!-- Tests.LoginTest -->
    </test> <!-- ChromeTests -->
  </suite> <!-- RegressionSuite -->
</testng-results>
