<?xml version="1.0" encoding="UTF-8"?>
<testng-results ignored="0" total="4" passed="4" failed="0" skipped="0">
  <reporter-output>
  </reporter-output>
  <suite started-at="2025-12-15T22:08:54 IST" name="RegressionSuite" finished-at="2025-12-15T22:10:26 IST" duration-ms="91460">
    <groups>
    </groups>
    <test started-at="2025-12-15T22:08:54 IST" name="ChromeTests" finished-at="2025-12-15T22:10:26 IST" duration-ms="91460">
      <class name="Tests.LoginTest">
        <test-method is-config="true" signature="setUp(java.lang.String)[pri:0, instance:Tests.LoginTest@5d908d47]" started-at="2025-12-15T22:08:54 IST" name="setUp" finished-at="2025-12-15T22:09:06 IST" duration-ms="11640" status="PASS">
          <params>
            <param index="0">
              <value>
                <![CDATA[chrome]]>
              </value>
            </param>
          </params>
          <reporter-output>
          </reporter-output>
        </test-method> <!-- setUp -->
        <test-method signature="validTraditionalLoginTest()[pri:1, instance:Tests.LoginTest@5d908d47]" started-at="2025-12-15T22:09:06 IST" name="validTraditionalLoginTest" finished-at="2025-12-15T22:09:19 IST" duration-ms="12996" status="PASS">
          <reporter-output>
          </reporter-output>
        </test-method> <!-- validTraditionalLoginTest -->
        <test-method is-config="true" signature="afterEachTest()[pri:0, instance:Tests.LoginTest@5d908d47]" started-at="2025-12-15T22:09:19 IST" name="afterEachTest" finished-at="2025-12-15T22:09:21 IST" duration-ms="2003" status="PASS">
          <reporter-output>
          </reporter-output>
        </test-method> <!-- afterEachTest -->
        <test-method signature="validateSignUpPage()[pri:2, instance:Tests.LoginTest@5d908d47]" started-at="2025-12-15T22:09:21 IST" name="validateSignUpPage" finished-at="2025-12-15T22:09:36 IST" duration-ms="15283" status="PASS">
          <reporter-output>
          </reporter-output>
        </test-method> <!-- validateSignUpPage -->
        <test-method is-config="true" signature="afterEachTest()[pri:0, instance:Tests.LoginTest@5d908d47]" started-at="2025-12-15T22:09:36 IST" name="afterEachTest" finished-at="2025-12-15T22:09:38 IST" duration-ms="2003" status="PASS">
          <reporter-output>
          </reporter-output>
        </test-method> <!-- afterEachTest -->
        <test-method signature="validateRiskDisclosure()[pri:3, instance:Tests.LoginTest@5d908d47]" started-at="2025-12-15T22:09:38 IST" name="validateRiskDisclosure" finished-at="2025-12-15T22:10:00 IST" duration-ms="21458" status="PASS">
          <reporter-output>
          </reporter-output>
        </test-method> <!-- validateRiskDisclosure -->
        <test-method is-config="true" signature="afterEachTest()[pri:0, instance:Tests.LoginTest@5d908d47]" started-at="2025-12-15T22:10:00 IST" name="afterEachTest" finished-at="2025-12-15T22:10:02 IST" duration-ms="2007" status="PASS">
          <reporter-output>
          </reporter-output>
        </test-method> <!-- afterEachTest -->
        <test-method signature="validateSearchStocks()[pri:4, instance:Tests.LoginTest@5d908d47]" started-at="2025-12-15T22:10:02 IST" name="validateSearchStocks" finished-at="2025-12-15T22:10:21 IST" duration-ms="19077" status="PASS">
          <reporter-output>
          </reporter-output>
        </test-method> <!-- validateSearchStocks -->
        <test-method is-config="true" signature="afterEachTest()[pri:0, instance:Tests.LoginTest@5d908d47]" started-at="2025-12-15T22:10:21 IST" name="afterEachTest" finished-at="2025-12-15T22:10:23 IST" duration-ms="2013" status="PASS">
          <reporter-output>
          </reporter-output>
        </test-method> <!-- afterEachTest -->
        <test-method is-config="true" signature="tearDown()[pri:0, instance:Tests.LoginTest@5d908d47]" started-at="2025-12-15T22:10:23 IST" name="tearDown" finished-at="2025-12-15T22:10:26 IST" duration-ms="2881" status="PASS">
          <reporter-output>
          </reporter-output>
        </test-method> <!-- tearDown -->
      </class> <!-- Tests.LoginTest -->
    </test> <!-- ChromeTests -->
  </suite> <!-- RegressionSuite -->
</testng-results>
