<?xml version="1.0" encoding="UTF-8"?>
<testng-results ignored="0" total="3" passed="3" failed="0" skipped="0">
  <reporter-output>
  </reporter-output>
  <suite started-at="2025-12-23T19:01:19 IST" name="RegressionSuite" finished-at="2025-12-23T19:02:23 IST" duration-ms="64314">
    <groups>
    </groups>
    <test started-at="2025-12-23T19:01:19 IST" name="ChromeTests" finished-at="2025-12-23T19:02:23 IST" duration-ms="64314">
      <class name="Tests.LoginTest">
        <test-method is-config="true" signature="setUp(java.lang.String)[pri:0, instance:Tests.LoginTest@660acfb]" started-at="2025-12-23T19:01:19 IST" name="setUp" finished-at="2025-12-23T19:01:25 IST" duration-ms="6309" status="PASS">
          <params>
            <param index="0">
              <value>
                <![CDATA[chrome]]>
              </value>
            </param>
          </params>
          <reporter-output>
          </reporter-output>
        </test-method> <!-- setUp -->
        <test-method signature="validTraditionalLoginTest()[pri:1, instance:Tests.LoginTest@660acfb]" started-at="2025-12-23T19:01:25 IST" name="validTraditionalLoginTest" finished-at="2025-12-23T19:01:44 IST" duration-ms="18825" status="PASS">
          <reporter-output>
          </reporter-output>
        </test-method> <!-- validTraditionalLoginTest -->
        <test-method is-config="true" signature="afterEachTest()[pri:0, instance:Tests.LoginTest@660acfb]" started-at="2025-12-23T19:01:44 IST" name="afterEachTest" finished-at="2025-12-23T19:01:46 IST" duration-ms="2010" status="PASS">
          <reporter-output>
          </reporter-output>
        </test-method> <!-- afterEachTest -->
        <test-method signature="ValidateOrderModification()[pri:8, instance:Tests.LoginTest@660acfb]" started-at="2025-12-23T19:01:46 IST" name="ValidateOrderModification" finished-at="2025-12-23T19:02:00 IST" duration-ms="13904" status="PASS">
          <reporter-output>
          </reporter-output>
        </test-method> <!-- ValidateOrderModification -->
        <test-method is-config="true" signature="afterEachTest()[pri:0, instance:Tests.LoginTest@660acfb]" started-at="2025-12-23T19:02:00 IST" name="afterEachTest" finished-at="2025-12-23T19:02:02 IST" duration-ms="2003" status="PASS">
          <reporter-output>
          </reporter-output>
        </test-method> <!-- afterEachTest -->
        <test-method signature="ValidateOrderCancellation()[pri:9, instance:Tests.LoginTest@660acfb]" started-at="2025-12-23T19:02:02 IST" name="ValidateOrderCancellation" finished-at="2025-12-23T19:02:18 IST" duration-ms="16302" status="PASS">
          <reporter-output>
          </reporter-output>
        </test-method> <!-- ValidateOrderCancellation -->
        <test-method is-config="true" signature="afterEachTest()[pri:0, instance:Tests.LoginTest@660acfb]" started-at="2025-12-23T19:02:18 IST" name="afterEachTest" finished-at="2025-12-23T19:02:20 IST" duration-ms="2006" status="PASS">
          <reporter-output>
          </reporter-output>
        </test-method> <!-- afterEachTest -->
        <test-method is-config="true" signature="tearDown()[pri:0, instance:Tests.LoginTest@660acfb]" started-at="2025-12-23T19:02:20 IST" name="tearDown" finished-at="2025-12-23T19:02:23 IST" duration-ms="2865" status="PASS">
          <reporter-output>
          </reporter-output>
        </test-method> <!-- tearDown -->
      </class> <!-- Tests.LoginTest -->
    </test> <!-- ChromeTests -->
  </suite> <!-- RegressionSuite -->
</testng-results>
