<?xml version="1.0" encoding="UTF-8"?>
<testng-results ignored="0" total="4" passed="4" failed="0" skipped="0">
  <reporter-output>
  </reporter-output>
  <suite started-at="2025-12-09T21:03:09 IST" name="RegressionSuite" finished-at="2025-12-09T21:04:37 IST" duration-ms="87130">
    <groups>
    </groups>
    <test started-at="2025-12-09T21:03:09 IST" name="ChromeTests" finished-at="2025-12-09T21:04:37 IST" duration-ms="87130">
      <class name="Tests.LoginTest">
        <test-method is-config="true" signature="setUp(java.lang.String)[pri:0, instance:Tests.LoginTest@660acfb]" started-at="2025-12-09T21:03:09 IST" name="setUp" finished-at="2025-12-09T21:03:20 IST" duration-ms="10371" status="PASS">
          <params>
            <param index="0">
              <value>
                <![CDATA[chrome]]>
              </value>
            </param>
          </params>
          <reporter-output>
          </reporter-output>
        </test-method> <!-- setUp -->
        <test-method signature="validTraditionalLoginTest()[pri:1, instance:Tests.LoginTest@660acfb]" started-at="2025-12-09T21:03:20 IST" name="validTraditionalLoginTest" finished-at="2025-12-09T21:03:36 IST" duration-ms="16543" status="PASS">
          <reporter-output>
          </reporter-output>
        </test-method> <!-- validTraditionalLoginTest -->
        <test-method is-config="true" signature="afterEachTest()[pri:0, instance:Tests.LoginTest@660acfb]" started-at="2025-12-09T21:03:36 IST" name="afterEachTest" finished-at="2025-12-09T21:03:38 IST" duration-ms="2015" status="PASS">
          <reporter-output>
          </reporter-output>
        </test-method> <!-- afterEachTest -->
        <test-method signature="validateSignUpPage()[pri:2, instance:Tests.LoginTest@660acfb]" started-at="2025-12-09T21:03:38 IST" name="validateSignUpPage" finished-at="2025-12-09T21:03:54 IST" duration-ms="15290" status="PASS">
          <reporter-output>
          </reporter-output>
        </test-method> <!-- validateSignUpPage -->
        <test-method is-config="true" signature="afterEachTest()[pri:0, instance:Tests.LoginTest@660acfb]" started-at="2025-12-09T21:03:54 IST" name="afterEachTest" finished-at="2025-12-09T21:03:56 IST" duration-ms="2013" status="PASS">
          <reporter-output>
          </reporter-output>
        </test-method> <!-- afterEachTest -->
        <test-method signature="validateRiskDisclosure()[pri:3, instance:Tests.LoginTest@660acfb]" started-at="2025-12-09T21:03:56 IST" name="validateRiskDisclosure" finished-at="2025-12-09T21:04:17 IST" duration-ms="21570" status="PASS">
          <reporter-output>
          </reporter-output>
        </test-method> <!-- validateRiskDisclosure -->
        <test-method is-config="true" signature="afterEachTest()[pri:0, instance:Tests.LoginTest@660acfb]" started-at="2025-12-09T21:04:17 IST" name="afterEachTest" finished-at="2025-12-09T21:04:19 IST" duration-ms="2005" status="PASS">
          <reporter-output>
          </reporter-output>
        </test-method> <!-- afterEachTest -->
        <test-method signature="validateSearchStocks()[pri:4, instance:Tests.LoginTest@660acfb]" started-at="2025-12-09T21:04:19 IST" name="validateSearchStocks" finished-at="2025-12-09T21:04:31 IST" duration-ms="11480" status="PASS">
          <reporter-output>
          </reporter-output>
        </test-method> <!-- validateSearchStocks -->
        <test-method is-config="true" signature="afterEachTest()[pri:0, instance:Tests.LoginTest@660acfb]" started-at="2025-12-09T21:04:31 IST" name="afterEachTest" finished-at="2025-12-09T21:04:33 IST" duration-ms="2004" status="PASS">
          <reporter-output>
          </reporter-output>
        </test-method> <!-- afterEachTest -->
        <test-method is-config="true" signature="tearDown()[pri:0, instance:Tests.LoginTest@660acfb]" started-at="2025-12-09T21:04:33 IST" name="tearDown" finished-at="2025-12-09T21:04:37 IST" duration-ms="3760" status="PASS">
          <reporter-output>
          </reporter-output>
        </test-method> <!-- tearDown -->
      </class> <!-- Tests.LoginTest -->
    </test> <!-- ChromeTests -->
  </suite> <!-- RegressionSuite -->
</testng-results>
