<?xml version="1.0" encoding="UTF-8"?>
<testng-results ignored="0" total="2" passed="2" failed="0" skipped="0">
  <reporter-output>
  </reporter-output>
  <suite started-at="2025-12-10T22:58:35 IST" name="RegressionSuite" finished-at="2025-12-10T22:59:21 IST" duration-ms="45373">
    <groups>
    </groups>
    <test started-at="2025-12-10T22:58:35 IST" name="ChromeTests" finished-at="2025-12-10T22:59:21 IST" duration-ms="45373">
      <class name="Tests.LoginTest">
        <test-method is-config="true" signature="setUp(java.lang.String)[pri:0, instance:Tests.LoginTest@23941fb4]" started-at="2025-12-10T22:58:35 IST" name="setUp" finished-at="2025-12-10T22:58:43 IST" duration-ms="7864" status="PASS">
          <params>
            <param index="0">
              <value>
                <![CDATA[chrome]]>
              </value>
            </param>
          </params>
          <reporter-output>
          </reporter-output>
        </test-method> <!-- setUp -->
        <test-method signature="validTraditionalLoginTest()[pri:1, instance:Tests.LoginTest@23941fb4]" started-at="2025-12-10T22:58:43 IST" name="validTraditionalLoginTest" finished-at="2025-12-10T22:58:59 IST" duration-ms="16013" status="PASS">
          <reporter-output>
          </reporter-output>
        </test-method> <!-- validTraditionalLoginTest -->
        <test-method is-config="true" signature="afterEachTest()[pri:0, instance:Tests.LoginTest@23941fb4]" started-at="2025-12-10T22:58:59 IST" name="afterEachTest" finished-at="2025-12-10T22:59:01 IST" duration-ms="2007" status="PASS">
          <reporter-output>
          </reporter-output>
        </test-method> <!-- afterEachTest -->
        <test-method signature="validateSearchStocks()[pri:4, instance:Tests.LoginTest@23941fb4]" started-at="2025-12-10T22:59:01 IST" name="validateSearchStocks" finished-at="2025-12-10T22:59:16 IST" duration-ms="15144" status="PASS">
          <reporter-output>
          </reporter-output>
        </test-method> <!-- validateSearchStocks -->
        <test-method is-config="true" signature="afterEachTest()[pri:0, instance:Tests.LoginTest@23941fb4]" started-at="2025-12-10T22:59:16 IST" name="afterEachTest" finished-at="2025-12-10T22:59:18 IST" duration-ms="2007" status="PASS">
          <reporter-output>
          </reporter-output>
        </test-method> <!-- afterEachTest -->
        <test-method is-config="true" signature="tearDown()[pri:0, instance:Tests.LoginTest@23941fb4]" started-at="2025-12-10T22:59:18 IST" name="tearDown" finished-at="2025-12-10T22:59:21 IST" duration-ms="2250" status="PASS">
          <reporter-output>
          </reporter-output>
        </test-method> <!-- tearDown -->
      </class> <!-- Tests.LoginTest -->
    </test> <!-- ChromeTests -->
  </suite> <!-- RegressionSuite -->
</testng-results>
