<?xml version="1.0" encoding="UTF-8"?>
<testng-results ignored="0" total="2" passed="2" failed="0" skipped="0">
  <reporter-output>
  </reporter-output>
  <suite started-at="2025-12-22T16:32:16 IST" name="RegressionSuite" finished-at="2025-12-22T16:33:00 IST" duration-ms="43833">
    <groups>
    </groups>
    <test started-at="2025-12-22T16:32:16 IST" name="ChromeTests" finished-at="2025-12-22T16:33:00 IST" duration-ms="43833">
      <class name="Tests.LoginTest">
        <test-method is-config="true" signature="setUp(java.lang.String)[pri:0, instance:Tests.LoginTest@7486b455]" started-at="2025-12-22T16:32:16 IST" name="setUp" finished-at="2025-12-22T16:32:21 IST" duration-ms="4526" status="PASS">
          <params>
            <param index="0">
              <value>
                <![CDATA[chrome]]>
              </value>
            </param>
          </params>
          <reporter-output>
          </reporter-output>
        </test-method> <!-- setUp -->
        <test-method signature="validTraditionalLoginTest()[pri:1, instance:Tests.LoginTest@7486b455]" started-at="2025-12-22T16:32:21 IST" name="validTraditionalLoginTest" finished-at="2025-12-22T16:32:33 IST" duration-ms="12270" status="PASS">
          <reporter-output>
          </reporter-output>
        </test-method> <!-- validTraditionalLoginTest -->
        <test-method is-config="true" signature="afterEachTest()[pri:0, instance:Tests.LoginTest@7486b455]" started-at="2025-12-22T16:32:33 IST" name="afterEachTest" finished-at="2025-12-22T16:32:35 IST" duration-ms="2006" status="PASS">
          <reporter-output>
          </reporter-output>
        </test-method> <!-- afterEachTest -->
        <test-method signature="ValidateChartOpening()[pri:6, instance:Tests.LoginTest@7486b455]" started-at="2025-12-22T16:32:35 IST" name="ValidateChartOpening" finished-at="2025-12-22T16:32:56 IST" duration-ms="21175" status="PASS">
          <reporter-output>
          </reporter-output>
        </test-method> <!-- ValidateChartOpening -->
        <test-method is-config="true" signature="afterEachTest()[pri:0, instance:Tests.LoginTest@7486b455]" started-at="2025-12-22T16:32:56 IST" name="afterEachTest" finished-at="2025-12-22T16:32:58 IST" duration-ms="2000" status="PASS">
          <reporter-output>
          </reporter-output>
        </test-method> <!-- afterEachTest -->
        <test-method is-config="true" signature="tearDown()[pri:0, instance:Tests.LoginTest@7486b455]" started-at="2025-12-22T16:32:58 IST" name="tearDown" finished-at="2025-12-22T16:33:00 IST" duration-ms="1824" status="PASS">
          <reporter-output>
          </reporter-output>
        </test-method> <!-- tearDown -->
      </class> <!-- Tests.LoginTest -->
    </test> <!-- ChromeTests -->
  </suite> <!-- RegressionSuite -->
</testng-results>
