<?xml version="1.0" encoding="UTF-8"?>
<testng-results ignored="0" total="3" passed="3" failed="0" skipped="0">
  <reporter-output>
  </reporter-output>
  <suite started-at="2026-03-06T18:18:57 IST" name="RegressionSuite" finished-at="2026-03-06T18:19:50 IST" duration-ms="52266">
    <groups>
    </groups>
    <test started-at="2026-03-06T18:18:57 IST" name="ChromeTests" finished-at="2026-03-06T18:19:50 IST" duration-ms="52266">
      <class name="Tests.LoginTest">
        <test-method is-config="true" signature="setUp(java.lang.String)[pri:0, instance:Tests.LoginTest@660acfb]" started-at="2026-03-06T18:18:57 IST" name="setUp" finished-at="2026-03-06T18:19:13 IST" duration-ms="15562" status="PASS">
          <params>
            <param index="0">
              <value>
                <![CDATA[chrome]]>
              </value>
            </param>
          </params>
          <reporter-output>
          </reporter-output>
        </test-method> <!-- setUp -->
        <test-method signature="validTraditionalLoginTest()[pri:1, instance:Tests.LoginTest@660acfb]" started-at="2026-03-06T18:19:13 IST" name="validTraditionalLoginTest" finished-at="2026-03-06T18:19:25 IST" duration-ms="12339" status="PASS">
          <reporter-output>
          </reporter-output>
        </test-method> <!-- validTraditionalLoginTest -->
        <test-method is-config="true" signature="afterEachTest()[pri:0, instance:Tests.LoginTest@660acfb]" started-at="2026-03-06T18:19:25 IST" name="afterEachTest" finished-at="2026-03-06T18:19:27 IST" duration-ms="2008" status="PASS">
          <reporter-output>
          </reporter-output>
        </test-method> <!-- afterEachTest -->
        <test-method signature="ValidateCreate_Edit_Delete_Basket()[pri:10, instance:Tests.LoginTest@660acfb]" started-at="2026-03-06T18:19:27 IST" name="ValidateCreate_Edit_Delete_Basket" finished-at="2026-03-06T18:19:42 IST" duration-ms="14637" status="PASS">
          <reporter-output>
          </reporter-output>
        </test-method> <!-- ValidateCreate_Edit_Delete_Basket -->
        <test-method is-config="true" signature="afterEachTest()[pri:0, instance:Tests.LoginTest@660acfb]" started-at="2026-03-06T18:19:42 IST" name="afterEachTest" finished-at="2026-03-06T18:19:44 IST" duration-ms="2012" status="PASS">
          <reporter-output>
          </reporter-output>
        </test-method> <!-- afterEachTest -->
        <test-method signature="ValidateAdd_Delete_Rearrange_Invert_Symbols()[pri:11, instance:Tests.LoginTest@660acfb]" started-at="2026-03-06T18:19:44 IST" name="ValidateAdd_Delete_Rearrange_Invert_Symbols" finished-at="2026-03-06T18:19:46 IST" duration-ms="2201" status="PASS">
          <reporter-output>
          </reporter-output>
        </test-method> <!-- ValidateAdd_Delete_Rearrange_Invert_Symbols -->
        <test-method is-config="true" signature="afterEachTest()[pri:0, instance:Tests.LoginTest@660acfb]" started-at="2026-03-06T18:19:46 IST" name="afterEachTest" finished-at="2026-03-06T18:19:48 IST" duration-ms="2011" status="PASS">
          <reporter-output>
          </reporter-output>
        </test-method> <!-- afterEachTest -->
        <test-method is-config="true" signature="tearDown()[pri:0, instance:Tests.LoginTest@660acfb]" started-at="2026-03-06T18:19:48 IST" name="tearDown" finished-at="2026-03-06T18:19:50 IST" duration-ms="1462" status="PASS">
          <reporter-output>
          </reporter-output>
        </test-method> <!-- tearDown -->
      </class> <!-- Tests.LoginTest -->
    </test> <!-- ChromeTests -->
  </suite> <!-- RegressionSuite -->
</testng-results>
