<?xml version="1.0" encoding="UTF-8"?>
<!-- Generated by org.testng.reporters.JUnitReportReporter -->
<testsuite hostname="DESKTOP-A39E2QQ" failures="0" tests="2" name="Tests.LoginTest" time="27.277" errors="0" timestamp="2025-12-23T16:40:25 IST" skipped="0">
  <testcase classname="Tests.LoginTest" name="validTraditionalLoginTest" time="14.448"/>
  <system-out/>
  <testcase classname="Tests.LoginTest" name="ValidateOrderModification" time="12.829"/>
  <system-out/>
</testsuite> <!-- Tests.LoginTest -->
