<?xml version="1.0" encoding="UTF-8"?>
<!-- Generated by org.testng.reporters.JUnitReportReporter -->
<testsuite hostname="DESKTOP-A39E2QQ" failures="0" tests="3" name="Tests.LoginTest" time="55.050" errors="0" timestamp="2025-12-23T19:02:24 IST" skipped="0">
  <testcase classname="Tests.LoginTest" name="validTraditionalLoginTest" time="20.835"/>
  <system-out/>
  <testcase classname="Tests.LoginTest" name="ValidateOrderModification" time="15.910"/>
  <system-out/>
  <testcase classname="Tests.LoginTest" name="ValidateOrderCancellation" time="18.305"/>
  <system-out/>
</testsuite> <!-- Tests.LoginTest -->
