<?xml version="1.0" encoding="UTF-8"?>
<!-- Generated by org.testng.reporters.JUnitReportReporter -->
<testsuite hostname="DESKTOP-A39E2QQ" failures="0" tests="2" name="Tests.LoginTest" time="32.998" errors="0" timestamp="2025-12-18T16:36:56 IST" skipped="0">
  <testcase classname="Tests.LoginTest" name="validTraditionalLoginTest" time="14.239"/>
  <system-out/>
  <testcase classname="Tests.LoginTest" name="ValidateChartOpening" time="18.759"/>
  <system-out/>
</testsuite> <!-- Tests.LoginTest -->
