<?xml version="1.0" encoding="UTF-8"?>
<!-- Generated by org.testng.reporters.JUnitReportReporter -->
<testsuite hostname="DESKTOP-A39E2QQ" failures="0" tests="4" name="Tests.LoginTest" time="76.840" errors="0" timestamp="2025-12-15T22:10:26 IST" skipped="0">
  <testcase classname="Tests.LoginTest" name="validTraditionalLoginTest" time="15.003"/>
  <system-out/>
  <testcase classname="Tests.LoginTest" name="validateSignUpPage" time="17.286"/>
  <system-out/>
  <testcase classname="Tests.LoginTest" name="validateRiskDisclosure" time="23.461"/>
  <system-out/>
  <testcase classname="Tests.LoginTest" name="validateSearchStocks" time="21.090"/>
  <system-out/>
</testsuite> <!-- Tests.LoginTest -->
