<?xml version="1.0" encoding="UTF-8"?>
<!-- Generated by org.testng.reporters.JUnitReportReporter -->
<testsuite hostname="DESKTOP-A39E2QQ" failures="0" tests="3" name="Tests.LoginTest" time="81.991" errors="0" timestamp="2025-12-08T21:50:09 IST" skipped="0">
  <testcase classname="Tests.LoginTest" name="validTraditionalLoginTest" time="24.513"/>
  <testcase classname="Tests.LoginTest" name="validateSignUpPage" time="23.993"/>
  <testcase classname="Tests.LoginTest" name="validateRiskDisclosure" time="33.485"/>
</testsuite> <!-- Tests.LoginTest -->
