<?xml version="1.0" encoding="UTF-8"?>
<!-- Generated by org.testng.reporters.JUnitReportReporter -->
<testsuite hostname="DESKTOP-A39E2QQ" failures="0" tests="4" name="Tests.LoginTest" time="72.920" errors="0" timestamp="2025-12-09T21:04:37 IST" skipped="0">
  <testcase classname="Tests.LoginTest" name="validTraditionalLoginTest" time="18.556"/>
  <system-out/>
  <testcase classname="Tests.LoginTest" name="validateSignUpPage" time="17.295"/>
  <system-out/>
  <testcase classname="Tests.LoginTest" name="validateRiskDisclosure" time="23.585"/>
  <system-out/>
  <testcase classname="Tests.LoginTest" name="validateSearchStocks" time="13.484"/>
  <system-out/>
</testsuite> <!-- Tests.LoginTest -->
