<?xml version="1.0" encoding="UTF-8"?>
<!-- Generated by org.testng.reporters.JUnitReportReporter -->
<testsuite hostname="DESKTOP-A39E2QQ" failures="0" tests="4" name="Tests.LoginTest" time="101.043" errors="0" timestamp="2026-01-06T16:12:04 IST" skipped="0">
  <testcase classname="Tests.LoginTest" name="validTraditionalLoginTest" time="20.004"/>
  <system-out/>
  <testcase classname="Tests.LoginTest" name="validateSignUpPage" time="29.954"/>
  <system-out/>
  <testcase classname="Tests.LoginTest" name="validateRiskDisclosure" time="30.215"/>
  <system-out/>
  <testcase classname="Tests.LoginTest" name="validateSearchStocks" time="20.870"/>
  <system-out/>
</testsuite> <!-- Tests.LoginTest -->
