<?xml version="1.0" encoding="UTF-8"?>
<!-- Generated by org.testng.reporters.JUnitReportReporter -->
<testsuite hostname="DESKTOP-A39E2QQ" failures="0" tests="2" name="Tests.LoginTest" time="37.451" errors="0" timestamp="2025-12-22T16:33:00 IST" skipped="0">
  <testcase classname="Tests.LoginTest" name="validTraditionalLoginTest" time="14.270"/>
  <system-out/>
  <testcase classname="Tests.LoginTest" name="ValidateChartOpening" time="23.181"/>
  <system-out/>
</testsuite> <!-- Tests.LoginTest -->
