<?xml version="1.0" encoding="UTF-8"?>
<!-- Generated by org.testng.reporters.JUnitReportReporter -->
<testsuite hostname="DESKTOP-A39E2QQ" failures="0" tests="4" name="Tests.LoginTest" time="61.500" errors="0" timestamp="2026-04-04T00:19:28 IST" skipped="0">
  <testcase classname="Tests.LoginTest" name="validTraditionalLoginTest" time="17.903"/>
  <system-out/>
  <testcase classname="Tests.LoginTest" name="ValidateCreate_Edit_Delete_Basket" time="22.896"/>
  <system-out/>
  <testcase classname="Tests.LoginTest" name="ValidateAdd_Delete_Rearrange_Invert_Symbols" time="16.016"/>
  <system-out/>
  <testcase classname="Tests.LoginTest" name="ValidateSymbol_modification_Basket" time="4.685"/>
  <system-out/>
</testsuite> <!-- Tests.LoginTest -->
