<?xml version="1.0" encoding="UTF-8"?>
<!-- Generated by org.testng.reporters.JUnitReportReporter -->
<testsuite hostname="DESKTOP-A39E2QQ" failures="0" tests="2" name="Tests.LoginTest" time="22.830" errors="0" timestamp="2025-12-22T18:22:45 IST" skipped="0">
  <testcase classname="Tests.LoginTest" name="validTraditionalLoginTest" time="16.127"/>
  <system-out/>
  <testcase classname="Tests.LoginTest" name="ValidateOrderPlacement" time="6.703"/>
  <system-out/>
</testsuite> <!-- Tests.LoginTest -->
