<?xml version="1.0" encoding="UTF-8"?>
<!-- Generated by org.testng.reporters.JUnitReportReporter -->
<testsuite hostname="DESKTOP-A39E2QQ" failures="0" tests="2" name="Tests.LoginTest" time="35.171" errors="0" timestamp="2025-12-10T22:59:21 IST" skipped="0">
  <testcase classname="Tests.LoginTest" name="validTraditionalLoginTest" time="18.020"/>
  <system-out/>
  <testcase classname="Tests.LoginTest" name="validateSearchStocks" time="17.151"/>
  <system-out/>
</testsuite> <!-- Tests.LoginTest -->
