<?xml version="1.0" encoding="UTF-8"?>
<!-- Generated by org.testng.reporters.JUnitReportReporter -->
<testsuite hostname="DESKTOP-A39E2QQ" failures="0" tests="4" name="Tests.LoginTest" time="89.555" errors="0" timestamp="2025-12-15T22:18:31 IST" skipped="0">
  <testcase classname="Tests.LoginTest" name="validTraditionalLoginTest" time="18.452"/>
  <testcase classname="Tests.LoginTest" name="validateSignUpPage" time="21.711"/>
  <testcase classname="Tests.LoginTest" name="validateRiskDisclosure" time="26.245"/>
  <testcase classname="Tests.LoginTest" name="validateSearchStocks" time="23.147"/>
</testsuite> <!-- Tests.LoginTest -->
