<?xml version="1.0" encoding="UTF-8"?>
<!-- Generated by org.testng.reporters.JUnitReportReporter -->
<testsuite hostname="DESKTOP-A39E2QQ" failures="0" tests="3" name="Tests.LoginTest" time="40.069" errors="0" timestamp="2026-03-11T17:26:37 IST" skipped="0">
  <testcase classname="Tests.LoginTest" name="validTraditionalLoginTest" time="15.596"/>
  <testcase classname="Tests.LoginTest" name="ValidateCreate_Edit_Delete_Basket" time="17.014"/>
  <testcase classname="Tests.LoginTest" name="ValidateAdd_Delete_Rearrange_Invert_Symbols" time="7.459"/>
</testsuite> <!-- Tests.LoginTest -->
